<?xml version="1.0" encoding="UTF-8"?>
<!-- Generated by org.testng.reporters.JUnitXMLReporter -->
<testsuite ignored="4" hostname="gavantes-air.lan" failures="0" tests="1" name="Default test" time="13.164" errors="0" timestamp="2022-08-02T16:17:56 EDT">
  <testcase classname="BankingTests" name="canDepositPoundsIntoAccount" time="2.891"/>
  <testcase classname="BankingTests" name="canCreateNewCustomerAccountForRupees" time="0.0">
    <ignored/>
  </testcase> <!-- canCreateNewCustomerAccountForRupees -->
  <testcase classname="BankingTests" name="canReturnAllAccountBalances" time="0.0">
    <ignored/>
  </testcase> <!-- canReturnAllAccountBalances -->
  <testcase classname="BankingTests" name="canDeleteAccount" time="0.0">
    <ignored/>
  </testcase> <!-- canDeleteAccount -->
  <testcase classname="BankingTests" name="canLogIntoCustomerAccount" time="0.0">
    <ignored/>
  </testcase> <!-- canLogIntoCustomerAccount -->
</testsuite> <!-- Default test -->
