<?xml version="1.0" encoding="UTF-8"?>
<!-- Generated by org.testng.reporters.JUnitXMLReporter -->
<testsuite ignored="1" hostname="Gavantes-Air.attlocal.net" failures="0" tests="1" name="Default test" time="10.229" errors="0" timestamp="2022-07-27T13:55:08 EDT">
  <testcase classname="BankingTests" name="canReturnAllAccountBalances" time="2.532"/>
  <testcase classname="BankingTests" name="canLogIntoCustomerAccount" time="0.0">
    <ignored/>
  </testcase> <!-- canLogIntoCustomerAccount -->
</testsuite> <!-- Default test -->
