<?xml version="1.0" encoding="UTF-8"?>
<testng-results ignored="3" total="4" passed="1" failed="0" skipped="0">
  <reporter-output>
  </reporter-output>
  <suite started-at="2022-07-29T15:04:40 EDT" name="Default suite" finished-at="2022-07-29T15:04:47 EDT" duration-ms="7525">
    <groups>
    </groups>
    <test started-at="2022-07-29T15:04:40 EDT" name="Default test" finished-at="2022-07-29T15:04:47 EDT" duration-ms="7525">
      <class name="BankingTests">
        <test-method is-config="true" signature="setup()[pri:0, instance:BankingTests@4f638935]" started-at="2022-07-29T15:04:40 EDT" name="setup" finished-at="2022-07-29T15:04:44 EDT" duration-ms="4279" status="PASS">
          <reporter-output>
          </reporter-output>
        </test-method> <!-- setup -->
        <test-method signature="canCreateNewCustomerAccount()[pri:0, instance:BankingTests@4f638935]" started-at="2022-07-29T15:04:44 EDT" name="canCreateNewCustomerAccount" finished-at="2022-07-29T15:04:47 EDT" duration-ms="3022" status="PASS">
          <reporter-output>
          </reporter-output>
        </test-method> <!-- canCreateNewCustomerAccount -->
        <test-method is-config="true" signature="cleanup(org.testng.ITestResult)[pri:0, instance:BankingTests@4f638935]" started-at="2022-07-29T15:04:47 EDT" name="cleanup" finished-at="2022-07-29T15:04:47 EDT" duration-ms="166" status="PASS">
          <params>
            <param index="0">
              <value>
                <![CDATA[[TestResult name=canCreateNewCustomerAccount status=SUCCESS method=BankingTests.canCreateNewCustomerAccount()[pri:0, instance:BankingTests@4f638935] output={null}]]]>
              </value>
            </param>
          </params>
          <reporter-output>
          </reporter-output>
        </test-method> <!-- cleanup -->
      </class> <!-- BankingTests -->
    </test> <!-- Default test -->
  </suite> <!-- Default suite -->
</testng-results>
